<?xml version="1.0" encoding="UTF-8"?>
<!-- Generated by org.testng.reporters.JUnitXMLReporter -->
<testsuite hostname="DESKTOP-PU16VBP" ignored="0" name="Test" tests="4" failures="1" timestamp="2021-02-02T15:01:32 CST" time="3.634" errors="0">
  <testcase name="test1_getResponse" time="1.927" classname="RestAssured_GetMethod.GetMethod"/>
  <testcase name="test2_InvalidMethod" time="0.67" classname="RestAssured_GetMethod.GetMethod"/>
  <testcase name="test3_Invalid_Endpoint" time="0.606" classname="RestAssured_GetMethod.GetMethod"/>
  <testcase name="test4_Invalid_Header" time="0.002" classname="RestAssured_GetMethod.GetMethod">
    <failure type="java.lang.Error" message="Unresolved compilation problems: 
	The method given() is undefined for the type GetMethod
	res cannot be resolved
">
      <![CDATA[java.lang.Error: Unresolved compilation problems: 
The method given() is undefined for the type GetMethod
res cannot be resolved

at RestAssured_GetMethod.GetMethod.test4_Invalid_Header(GetMethod.java:89)
at java.util.ArrayList.forEach(ArrayList.java:1257)
... Removed 27 stack frames]]>
    </failure>
  </testcase> <!-- test4_Invalid_Header -->
</testsuite> <!-- Test -->
