<?xml version="1.0" encoding="UTF-8"?>
<!-- Generated by org.testng.reporters.JUnitXMLReporter -->
<testsuite hostname="DESKTOP-PU16VBP" ignored="0" name="Default test" tests="4" failures="0" timestamp="2021-02-02T15:12:01 CST" time="3.363" errors="0">
  <testcase name="test1_getResponse" time="2.156" classname="RestAssured_GetMethod.GetMethod"/>
  <testcase name="test2_InvalidMethod" time="0.279" classname="RestAssured_GetMethod.GetMethod"/>
  <testcase name="test3_Invalid_Endpoint" time="0.291" classname="RestAssured_GetMethod.GetMethod"/>
  <testcase name="test4_Invalid_URL" time="0.224" classname="RestAssured_GetMethod.GetMethod"/>
</testsuite> <!-- Default test -->
