<?xml version="1.0" encoding="UTF-8"?>
<testng-results skipped="0" failed="0" ignored="0" total="4" passed="4">
  <reporter-output>
  </reporter-output>
  <suite name="Default suite" duration-ms="3363" started-at="2021-02-02T15:11:58 CST" finished-at="2021-02-02T15:12:01 CST">
    <groups>
    </groups>
    <test name="Default test" duration-ms="3363" started-at="2021-02-02T15:11:58 CST" finished-at="2021-02-02T15:12:01 CST">
      <class name="RestAssured_GetMethod.GetMethod">
        <test-method status="PASS" signature="setup()[pri:0, instance:RestAssured_GetMethod.GetMethod@76707e36]" name="setup" is-config="true" duration-ms="142" started-at="2021-02-02T15:11:58 CST" finished-at="2021-02-02T15:11:58 CST">
          <reporter-output>
          </reporter-output>
        </test-method> <!-- setup -->
        <test-method status="PASS" signature="test1_getResponse()[pri:1, instance:RestAssured_GetMethod.GetMethod@76707e36]" name="test1_getResponse" duration-ms="2156" started-at="2021-02-02T15:11:58 CST" finished-at="2021-02-02T15:12:00 CST">
          <reporter-output>
          </reporter-output>
        </test-method> <!-- test1_getResponse -->
        <test-method status="PASS" signature="test2_InvalidMethod()[pri:2, instance:RestAssured_GetMethod.GetMethod@76707e36]" name="test2_InvalidMethod" duration-ms="279" started-at="2021-02-02T15:12:00 CST" finished-at="2021-02-02T15:12:00 CST">
          <reporter-output>
          </reporter-output>
        </test-method> <!-- test2_InvalidMethod -->
        <test-method status="PASS" signature="test3_Invalid_Endpoint()[pri:3, instance:RestAssured_GetMethod.GetMethod@76707e36]" name="test3_Invalid_Endpoint" duration-ms="291" started-at="2021-02-02T15:12:00 CST" finished-at="2021-02-02T15:12:01 CST">
          <reporter-output>
          </reporter-output>
        </test-method> <!-- test3_Invalid_Endpoint -->
        <test-method status="PASS" signature="test4_Invalid_URL()[pri:4, instance:RestAssured_GetMethod.GetMethod@76707e36]" name="test4_Invalid_URL" duration-ms="224" started-at="2021-02-02T15:12:01 CST" finished-at="2021-02-02T15:12:01 CST">
          <reporter-output>
          </reporter-output>
        </test-method> <!-- test4_Invalid_URL -->
        <test-method status="PASS" signature="TearDown()[pri:0, instance:RestAssured_GetMethod.GetMethod@76707e36]" name="TearDown" is-config="true" duration-ms="224" started-at="2021-02-02T15:12:01 CST" finished-at="2021-02-02T15:12:01 CST">
          <reporter-output>
          </reporter-output>
        </test-method> <!-- TearDown -->
      </class> <!-- RestAssured_GetMethod.GetMethod -->
    </test> <!-- Default test -->
  </suite> <!-- Default suite -->
</testng-results>
